<?xml version="1.0" encoding="UTF-8"?>
<!-- Generated by org.testng.reporters.JUnitReportReporter -->
<testsuite hostname="DESKTOP-4651O5S" failures="0" tests="9" name="com.tims.vendorportal.VendorPortalTest" time="55.520" errors="0" timestamp="2025-03-07T19:30:14 CST" skipped="0">
  <testcase classname="com.tims.vendorportal.VendorPortalTest" name="logoutTest" time="5.945"/>
  <testcase classname="com.tims.vendorportal.VendorPortalTest" name="loginTest" time="5.818"/>
  <testcase classname="com.tims.vendorportal.VendorPortalTest" name="dashboardTest" time="6.719"/>
  <testcase classname="com.tims.vendorportal.VendorPortalTest" name="loginTest" time="5.848"/>
  <testcase classname="com.tims.vendorportal.VendorPortalTest" name="loginTest" time="5.876"/>
  <testcase classname="com.tims.vendorportal.VendorPortalTest" name="dashboardTest" time="6.707"/>
  <testcase classname="com.tims.vendorportal.VendorPortalTest" name="logoutTest" time="5.938"/>
  <testcase classname="com.tims.vendorportal.VendorPortalTest" name="logoutTest" time="5.950"/>
  <testcase classname="com.tims.vendorportal.VendorPortalTest" name="dashboardTest" time="6.719"/>
</testsuite> <!-- com.tims.vendorportal.VendorPortalTest -->
