<?xml version="1.0" encoding="UTF-8"?>
<!-- Generated by org.testng.reporters.JUnitReportReporter -->
<testsuite hostname="DESKTOP-4651O5S" failures="0" tests="20" name="com.tims.flightreservation.FlightReservationTest" time="107.829" errors="0" timestamp="2025-03-07T19:54:36 CST" skipped="0">
  <testcase classname="com.tims.flightreservation.FlightReservationTest" name="flightSearchTest" time="5.218"/>
  <testcase classname="com.tims.flightreservation.FlightReservationTest" name="flightReservationConfirmationTest" time="5.083"/>
  <testcase classname="com.tims.flightreservation.FlightReservationTest" name="flightSearchTest" time="5.303"/>
  <testcase classname="com.tims.flightreservation.FlightReservationTest" name="flightSelectionTest" time="5.261"/>
  <testcase classname="com.tims.flightreservation.FlightReservationTest" name="registrationConfirmationTest" time="5.165"/>
  <testcase classname="com.tims.flightreservation.FlightReservationTest" name="flightSearchTest" time="5.226"/>
  <testcase classname="com.tims.flightreservation.FlightReservationTest" name="flightReservationConfirmationTest" time="5.099"/>
  <testcase classname="com.tims.flightreservation.FlightReservationTest" name="userRegistration" time="6.153"/>
  <testcase classname="com.tims.flightreservation.FlightReservationTest" name="registrationConfirmationTest" time="5.152"/>
  <testcase classname="com.tims.flightreservation.FlightReservationTest" name="userRegistration" time="6.263"/>
  <testcase classname="com.tims.flightreservation.FlightReservationTest" name="registrationConfirmationTest" time="5.165"/>
  <testcase classname="com.tims.flightreservation.FlightReservationTest" name="userRegistration" time="6.215"/>
  <testcase classname="com.tims.flightreservation.FlightReservationTest" name="flightSelectionTest" time="5.267"/>
  <testcase classname="com.tims.flightreservation.FlightReservationTest" name="flightReservationConfirmationTest" time="5.089"/>
  <testcase classname="com.tims.flightreservation.FlightReservationTest" name="flightSearchTest" time="5.276"/>
  <testcase classname="com.tims.flightreservation.FlightReservationTest" name="flightSelectionTest" time="5.258"/>
  <testcase classname="com.tims.flightreservation.FlightReservationTest" name="flightSelectionTest" time="5.252"/>
  <testcase classname="com.tims.flightreservation.FlightReservationTest" name="flightReservationConfirmationTest" time="5.074"/>
  <testcase classname="com.tims.flightreservation.FlightReservationTest" name="userRegistration" time="6.165"/>
  <testcase classname="com.tims.flightreservation.FlightReservationTest" name="registrationConfirmationTest" time="5.145"/>
</testsuite> <!-- com.tims.flightreservation.FlightReservationTest -->
